Initializing population.
Randomizing starting chromosome.
Randomizing starting chromosome.
Randomizing starting chromosome.
Randomizing starting chromosome.
Randomizing starting chromosome.
Randomizing starting chromosome.
Randomizing starting chromosome.
Randomizing starting chromosome.
Randomizing starting chromosome.
Randomizing starting chromosome.
Randomizing starting chromosome.
Randomizing starting chromosome.
Randomizing starting chromosome.
Randomizing starting chromosome.
Randomizing starting chromosome.
Randomizing starting chromosome.
Randomizing starting chromosome.
Randomizing starting chromosome.
Randomizing starting chromosome.
Randomizing starting chromosome.
Randomizing starting chromosome.
Randomizing starting chromosome.
Randomizing starting chromosome.
Randomizing starting chromosome.
Randomizing starting chromosome.
Randomizing starting chromosome.
Randomizing starting chromosome.
Randomizing starting chromosome.
Randomizing starting chromosome.
Randomizing starting chromosome.
Randomizing starting chromosome.
Randomizing starting chromosome.
Randomizing starting chromosome.
Randomizing starting chromosome.
Randomizing starting chromosome.
Randomizing starting chromosome.
Randomizing starting chromosome.
Randomizing starting chromosome.
Randomizing starting chromosome.
Randomizing starting chromosome.
Randomizing starting chromosome.
Randomizing starting chromosome.
Randomizing starting chromosome.
Randomizing starting chromosome.
Randomizing starting chromosome.
Randomizing starting chromosome.
Randomizing starting chromosome.
Randomizing starting chromosome.
 Converting to features started. Cache is not used.
 Converting to features started. Cache is not used.
 Converting to features started. Cache is not used.
 Converting to features started. Cache is not used.
 Converting to features started. Cache is not used.
 Converting to features started. Cache is not used.
 Converting to features started. Cache is not used.
 Converting to features started. Cache is not used.
 Converting to features started. Cache is not used.
 Converting to features started. Cache is not used.
 Converting to features started. Cache is not used.
 Converting to features started. Cache is not used.
 Converting to features started. Cache is not used.
 Converting to features started. Cache is not used.
 Converting to features started. Cache is not used.
 Converting to features started. Cache is not used.
 Converting to features started. Cache is not used.
 Converting to features started. Cache is not used.
 Converting to features started. Cache is not used.
 Converting to features started. Cache is not used.
 Converting to features started. Cache is not used.
 Converting to features started. Cache is not used.
 Converting to features started. Cache is not used.
 Converting to features started. Cache is not used.
 Converting to features started. Cache is not used.
 Converting to features started. Cache is not used.
 Converting to features started. Cache is not used.
 Converting to features started. Cache is not used.
 Converting to features started. Cache is not used.
 Converting to features started. Cache is not used.
 Converting to features started. Cache is not used.
 Converting to features started. Cache is not used.
 Converting to features started. Cache is not used.
 Converting to features started. Cache is not used.
 Converting to features started. Cache is not used.
 Converting to features started. Cache is not used.
 Converting to features started. Cache is not used.
 Converting to features started. Cache is not used.
 Converting to features started. Cache is not used.
 Converting to features started. Cache is not used.
 Converting to features started. Cache is not used.
 Converting to features started. Cache is not used.
 Converting to features started. Cache is not used.
 Converting to features started. Cache is not used.
 Converting to features started. Cache is not used.
 Converting to features started. Cache is not used.
 Converting to features started. Cache is not used.
 Converting to features started. Cache is not used.
 Converting to features started. Cache is not used.
 Converting to features started. Cache is not used.
 Converting to features started. Cache is not used.
 Converting to features started. Cache is not used.
 Converting to features started. Cache is not used.
 Converting to features started. Cache is not used.
 Converting to features started. Cache is not used.
 Converting to features started. Cache is not used.
 Converting to features started. Cache is not used.
 Converting to features started. Cache is not used.
 Converting to features started. Cache is not used.
 Converting to features started. Cache is not used.
 Converting to features started. Cache is not used.
 Converting to features started. Cache is not used.
 Converting to features started. Cache is not used.
 Converting to features started. Cache is not used.
 Converting to features started. Cache is not used.
 Converting to features started. Cache is not used.
 Converting to features started. Cache is not used.
 Converting to features started. Cache is not used.
 Converting to features started. Cache is not used.
 Converting to features started. Cache is not used.
 Converting to features started. Cache is not used.
 Converting to features started. Cache is not used.
Generation: 1
Best fitness result: 0.687011805420026
Continuing run with previous mean fitness in memory.
Continuing run with previous max fitness in memory.
Continuing run with previous population in memory.
Continuing run with previous fitness in memory.
 Converting to features started. Cache is not used.
 Converting to features started. Cache is not used.
 Converting to features started. Cache is not used.
 Converting to features started. Cache is not used.
 Converting to features started. Cache is not used.
 Converting to features started. Cache is not used.
 Converting to features started. Cache is not used.
 Converting to features started. Cache is not used.
 Converting to features started. Cache is not used.
 Converting to features started. Cache is not used.
 Converting to features started. Cache is not used.
 Converting to features started. Cache is not used.
 Converting to features started. Cache is not used.
 Converting to features started. Cache is not used.
 Converting to features started. Cache is not used.
 Converting to features started. Cache is not used.
 Converting to features started. Cache is not used.
 Converting to features started. Cache is not used.
 Converting to features started. Cache is not used.
 Converting to features started. Cache is not used.
 Converting to features started. Cache is not used.
 Converting to features started. Cache is not used.
 Converting to features started. Cache is not used.
 Converting to features started. Cache is not used.
 Converting to features started. Cache is not used.
 Converting to features started. Cache is not used.
 Converting to features started. Cache is not used.
 Converting to features started. Cache is not used.
 Converting to features started. Cache is not used.
 Converting to features started. Cache is not used.
 Converting to features started. Cache is not used.
 Converting to features started. Cache is not used.
 Converting to features started. Cache is not used.
 Converting to features started. Cache is not used.
 Converting to features started. Cache is not used.
 Converting to features started. Cache is not used.
Generation: 2
Best fitness result: 0.8306343470399091
Continuing run with previous mean fitness in memory.
Continuing run with previous max fitness in memory.
Continuing run with previous population in memory.
Continuing run with previous fitness in memory.
 Converting to features started. Cache is not used.
 Converting to features started. Cache is not used.
 Converting to features started. Cache is not used.
 Converting to features started. Cache is not used.
 Converting to features started. Cache is not used.
 Converting to features started. Cache is not used.
 Converting to features started. Cache is not used.
 Converting to features started. Cache is not used.
 Converting to features started. Cache is not used.
 Converting to features started. Cache is not used.
 Converting to features started. Cache is not used.
 Converting to features started. Cache is not used.
 Converting to features started. Cache is not used.
 Converting to features started. Cache is not used.
 Converting to features started. Cache is not used.
 Converting to features started. Cache is not used.
 Converting to features started. Cache is not used.
 Converting to features started. Cache is not used.
 Converting to features started. Cache is not used.
 Converting to features started. Cache is not used.
 Converting to features started. Cache is not used.
 Converting to features started. Cache is not used.
 Converting to features started. Cache is not used.
 Converting to features started. Cache is not used.
 Converting to features started. Cache is not used.
 Converting to features started. Cache is not used.
 Converting to features started. Cache is not used.
 Converting to features started. Cache is not used.
 Converting to features started. Cache is not used.
 Converting to features started. Cache is not used.
 Converting to features started. Cache is not used.
 Converting to features started. Cache is not used.
 Converting to features started. Cache is not used.
 Converting to features started. Cache is not used.
 Converting to features started. Cache is not used.
 Converting to features started. Cache is not used.
Generation: 3
Best fitness result: 0.7227972412614844
Continuing run with previous mean fitness in memory.
Continuing run with previous max fitness in memory.
Continuing run with previous population in memory.
Continuing run with previous fitness in memory.
 Converting to features started. Cache is not used.
 Converting to features started. Cache is not used.
 Converting to features started. Cache is not used.
 Converting to features started. Cache is not used.
 Converting to features started. Cache is not used.
 Converting to features started. Cache is not used.
 Converting to features started. Cache is not used.
 Converting to features started. Cache is not used.
 Converting to features started. Cache is not used.
 Converting to features started. Cache is not used.
 Converting to features started. Cache is not used.
 Converting to features started. Cache is not used.
 Converting to features started. Cache is not used.
 Converting to features started. Cache is not used.
 Converting to features started. Cache is not used.
 Converting to features started. Cache is not used.
 Converting to features started. Cache is not used.
 Converting to features started. Cache is not used.
 Converting to features started. Cache is not used.
 Converting to features started. Cache is not used.
 Converting to features started. Cache is not used.
 Converting to features started. Cache is not used.
 Converting to features started. Cache is not used.
 Converting to features started. Cache is not used.
 Converting to features started. Cache is not used.
 Converting to features started. Cache is not used.
 Converting to features started. Cache is not used.
 Converting to features started. Cache is not used.
 Converting to features started. Cache is not used.
